<?xml version="1.0" encoding="utf-8"?><testsuites name="pytest tests"><testsuite name="pytest" errors="0" failures="0" skipped="0" tests="29" time="4.359" timestamp="2026-07-07T16:04:54.351122+00:00" hostname="agent-env-4af2aec9-24db-4ce4-86ca-216b4814aead"><testcase classname="tests.backend_test.TestAvatarProfile" name="test_update_avatar_colors" time="0.745" /><testcase classname="tests.backend_test.TestAuth" name="test_register_new_user_grants_500_brix" time="0.603" /><testcase classname="tests.backend_test.TestAuth" name="test_register_duplicate_email" time="0.081" /><testcase classname="tests.backend_test.TestAvatarProfile" name="test_equip_owned_item" time="0.771" /><testcase classname="tests.backend_test.TestAuth" name="test_login_admin" time="0.359" /><testcase classname="tests.backend_test.TestAuth" name="test_login_wrong_password" time="0.288" /><testcase classname="tests.backend_test.TestAuth" name="test_me_with_bearer" time="0.100" /><testcase classname="tests.backend_test.TestAuth" name="test_me_no_token" time="0.095" /><testcase classname="tests.backend_test.TestAvatarProfile" name="test_equip_unowned_rejected" time="0.267" /><testcase classname="tests.backend_test.TestAdmin" name="test_admin_stats" time="0.079" /><testcase classname="tests.backend_test.TestAdmin" name="test_non_admin_forbidden" time="0.074" /><testcase classname="tests.backend_test.TestAdmin" name="test_create_and_delete_item" time="0.377" /><testcase classname="tests.backend_test.TestAvatarProfile" name="test_update_bio" time="0.085" /><testcase classname="tests.backend_test.TestAvatarProfile" name="test_get_public_profile" time="0.131" /><testcase classname="tests.backend_test.TestPurchase" name="test_buy_cheapest_item_decrements_brix" time="0.480" /><testcase classname="tests.backend_test.TestAdmin" name="test_create_and_delete_promo" time="0.343" /><testcase classname="tests.backend_test.TestAdmin" name="test_create_and_delete_challenge" time="0.371" /><testcase classname="tests.backend_test.TestPurchase" name="test_buy_already_owned_blocked" time="0.557" /><testcase classname="tests.backend_test.TestCatalog" name="test_list_returns_live_items" time="0.089" /><testcase classname="tests.backend_test.TestCatalog" name="test_list_category_filter" time="0.081" /><testcase classname="tests.backend_test.TestCatalog" name="test_get_item_by_id" time="0.162" /><testcase classname="tests.backend_test.TestPurchase" name="test_buy_expensive_not_enough_brix" time="0.177" /><testcase classname="tests.backend_test.TestPromocodes" name="test_redeem_matrix2026" time="0.166" /><testcase classname="tests.backend_test.TestPurchase" name="test_buy_unauthenticated" time="0.212" /><testcase classname="tests.backend_test.TestPromocodes" name="test_redeem_same_code_twice_blocked" time="0.072" /><testcase classname="tests.backend_test.TestPromocodes" name="test_redeem_invalid_code" time="0.086" /><testcase classname="tests.backend_test.TestDailyChallenge" name="test_get_active_challenge" time="0.078" /><testcase classname="tests.backend_test.TestDailyChallenge" name="test_claim_challenge_grants_75" time="0.166" /><testcase classname="tests.backend_test.TestDailyChallenge" name="test_claim_challenge_twice_same_day_blocked" time="0.108" /></testsuite></testsuites>