<?xml version="1.0" encoding="utf-8"?><testsuites name="pytest tests"><testsuite name="pytest" errors="0" failures="0" skipped="0" tests="39" time="10.830" timestamp="2026-07-07T17:20:27.871185+00:00" hostname="agent-env-4af2aec9-24db-4ce4-86ca-216b4814aead"><testcase classname="tests.backend_test.TestAvatarProfile" name="test_update_avatar_colors" time="1.104" /><testcase classname="tests.backend_test.TestAuth" name="test_register_new_user_grants_500_brix" time="0.706" /><testcase classname="tests.backend_test.TestAuth" name="test_register_duplicate_email" time="0.088" /><testcase classname="tests.backend_test.TestAuth" name="test_login_admin" time="0.308" /><testcase classname="tests.backend_test.TestAuth" name="test_login_wrong_password" time="0.313" /><testcase classname="tests.backend_test.TestAvatarProfile" name="test_equip_owned_item" time="0.751" /><testcase classname="tests.backend_test.TestAuth" name="test_me_with_bearer" time="0.080" /><testcase classname="tests.backend_test.TestAuth" name="test_me_no_token" time="0.092" /><testcase classname="tests.backend_test.TestAdmin" name="test_admin_stats" time="0.080" /><testcase classname="tests.backend_test.TestAdmin" name="test_non_admin_forbidden" time="0.121" /><testcase classname="tests.backend_test.TestAdmin" name="test_create_and_delete_item" time="0.440" /><testcase classname="tests.backend_test.TestAvatarProfile" name="test_equip_unowned_rejected" time="0.323" /><testcase classname="tests.backend_test.TestAvatarProfile" name="test_update_bio" time="0.120" /><testcase classname="tests.backend_test.TestAdmin" name="test_create_and_delete_promo" time="0.177" /><testcase classname="tests.backend_test.TestAvatarProfile" name="test_get_public_profile" time="0.089" /><testcase classname="tests.backend_test.TestPayments" name="test_packages_returns_four_fixed_packages" time="0.097" /><testcase classname="tests.backend_test.TestAdmin" name="test_create_and_delete_challenge" time="0.271" /><testcase classname="tests.backend_test.TestPayments" name="test_checkout_requires_auth" time="0.099" /><testcase classname="tests.backend_test.TestPayments" name="test_checkout_invalid_package_returns_400" time="0.091" /><testcase classname="tests.backend_test.TestPayments" name="test_checkout_creates_stripe_session_and_transaction" time="3.930" /><testcase classname="tests.backend_test.TestItemStatuses" name="test_royal_crown_is_limited" time="0.104" /><testcase classname="tests.backend_test.TestItemStatuses" name="test_turbo_jetpack_is_offsale_and_blocks_buy" time="0.833" /><testcase classname="tests.backend_test.TestItemStatuses" name="test_sold_out_limited_item" time="4.242" /><testcase classname="tests.backend_test.TestPayments" name="test_checkout_status_requires_auth" time="0.845" /><testcase classname="tests.backend_test.TestPurchase" name="test_buy_cheapest_item_decrements_brix" time="0.481" /><testcase classname="tests.backend_test.TestItemStatuses" name="test_admin_create_offsale_item" time="0.822" /><testcase classname="tests.backend_test.TestPurchase" name="test_buy_already_owned_blocked" time="0.776" /><testcase classname="tests.backend_test.TestItemStatuses" name="test_limited_item_stock_and_remaining_after_purchase" time="0.711" /><testcase classname="tests.backend_test.TestPurchase" name="test_buy_expensive_not_enough_brix" time="0.378" /><testcase classname="tests.backend_test.TestPurchase" name="test_buy_unauthenticated" time="0.217" /><testcase classname="tests.backend_test.TestPromocodes" name="test_redeem_matrix2026" time="0.172" /><testcase classname="tests.backend_test.TestCatalog" name="test_list_returns_live_items" time="0.085" /><testcase classname="tests.backend_test.TestPromocodes" name="test_redeem_same_code_twice_blocked" time="0.074" /><testcase classname="tests.backend_test.TestCatalog" name="test_list_category_filter" time="0.141" /><testcase classname="tests.backend_test.TestPromocodes" name="test_redeem_invalid_code" time="0.083" /><testcase classname="tests.backend_test.TestCatalog" name="test_get_item_by_id" time="0.159" /><testcase classname="tests.backend_test.TestDailyChallenge" name="test_get_active_challenge" time="0.134" /><testcase classname="tests.backend_test.TestDailyChallenge" name="test_claim_challenge_grants_75" time="0.271" /><testcase classname="tests.backend_test.TestDailyChallenge" name="test_claim_challenge_twice_same_day_blocked" time="0.101" /></testsuite></testsuites>